build/app/outputs/mapping/release/mapping.txt
# compiler: R8
# compiler_version: 1.5.69
# min_api: 16
# pg_map_id: 4e32f98
...
com.google.android.gms.measurement.internal.zzkk -> com.google.android.gms.measurement.internal.r9:
    boolean zzb -> c
    boolean zzaj() -> q
    void zzak() -> r
    void zzal() -> s
    boolean zze() -> t
com.google.android.gms.measurement.internal.zzkl -> com.google.android.gms.measurement.internal.s9:
    com.google.android.gms.measurement.internal.zzkj zzb -> b
    java.lang.String zza -> a
    void zza(java.lang.String,int,java.lang.Throwable,byte[],java.util.Map) -> a
com.google.android.gms.measurement.internal.zzkm -> com.google.android.gms.measurement.internal.t9:
    com.google.android.gms.measurement.internal.zzkj zzb -> b
    com.google.android.gms.measurement.internal.zzkp zza -> a
com.google.android.gms.measurement.internal.zzkn -> com.google.android.gms.measurement.internal.u9:
    com.google.android.gms.measurement.internal.zzkj zzb -> b
    com.google.android.gms.measurement.internal.zzm zza -> a
com.google.android.gms.measurement.internal.zzko -> com.google.android.gms.measurement.internal.v9:
    com.google.android.gms.measurement.internal.zzkj zza -> a
    void zza(java.lang.String,int,java.lang.Throwable,byte[],java.util.Map) -> a
com.google.android.gms.measurement.internal.zzkp -> com.google.android.gms.measurement.internal.w9:
    android.content.Context zza -> a
com.google.android.gms.measurement.internal.zzkq -> com.google.android.gms.measurement.internal.x9:
    java.lang.String zze -> f
    java.lang.Long zzc -> d
    long zzb -> c
    java.lang.String zza -> b
    java.lang.String zzd -> e
    java.lang.Double zzf -> g
    int zzg -> a
    java.lang.Object zza() -> f
com.google.android.gms.measurement.internal.zzkr -> com.google.android.gms.measurement.internal.y9:
    int zza(com.google.android.gms.internal.measurement.zzbs$zzg$zza,java.lang.String) -> a
    long zza(byte[]) -> a
    android.os.Parcelable zza(byte[],android.os.Parcelable$Creator) -> a
    com.google.android.gms.internal.measurement.zzbs$zze zza(com.google.android.gms.internal.measurement.zzbs$zzc,java.lang.String) -> a
    com.google.android.gms.internal.measurement.zzgp zza(com.google.android.gms.internal.measurement.zzgp,byte[]) -> a
    java.lang.String zza(com.google.android.gms.internal.measurement.zzbk$zzb) -> a
    java.lang.String zza(com.google.android.gms.internal.measurement.zzbk$zze) -> a
    java.lang.String zza(com.google.android.gms.internal.measurement.zzbs$zzf) -> a
    java.lang.String zza(boolean,boolean,boolean) -> a
    java.util.List zza(java.util.BitSet) -> a
    java.util.List zza(java.util.List,java.util.List) -> a
    void zza(com.google.android.gms.internal.measurement.zzbs$zzc$zza,java.lang.String,java.lang.Object) -> a
    void zza(com.google.android.gms.internal.measurement.zzbs$zze$zza,java.lang.Object) -> a
    void zza(com.google.android.gms.internal.measurement.zzbs$zzk$zza,java.lang.Object) -> a
    void zza(java.lang.StringBuilder,int) -> a
    void zza(java.lang.StringBuilder,int,com.google.android.gms.internal.measurement.zzbk$zzc) -> a
com.google.android.gms.measurement.internal.zzks -> com.google.android.gms.measurement.internal.z9:
    java.lang.Object zze -> e
    java.lang.String zza -> a
    long zzd -> d
    java.lang.String zzc -> c
    java.lang.String zzb -> b
com.google.android.gms.measurement.internal.zzkt -> com.google.android.gms.measurement.internal.aa:
com.google.android.gms.measurement.internal.zzku -> com.google.android.gms.measurement.internal.ba:
    javax.net.ssl.SSLSocketFactory zza -> a
    javax.net.ssl.SSLSocket zza(javax.net.ssl.SSLSocket) -> a